<?xml version="1.0" encoding="UTF-8"?>
<!-- Generated by org.testng.reporters.JUnitXMLReporter -->
<testsuite ignored="0" hostname="DESKTOP-1C1CICJ" failures="0" tests="6" name="Test" time="552.56" errors="0" timestamp="2023-10-03T11:43:13 IST">
  <testcase classname="com.spicejet.Test.LaunchBrowserTest" name="launchBrowser" time="11.321"/>
  <testcase classname="com.spicejet.Test.SignInTest" name="SiginIn" time="26.295"/>
  <testcase classname="com.spicejet.Test.LoginTest" name="Login" time="7.334"/>
  <testcase classname="com.spicejet.Test.FlightSearchTest" name="FlightSearch" time="82.084"/>
  <testcase classname="com.spicejet.Test.BookingTest" name="Booking" time="32.513"/>
  <testcase classname="com.spicejet.Test.PaymentTest" name="Payment" time="392.937"/>
</testsuite> <!-- Test -->
