<?xml version="1.0" encoding="UTF-8"?>
<testng-results ignored="0" total="6" passed="6" failed="0" skipped="0">
  <reporter-output>
  </reporter-output>
  <suite started-at="2023-10-03T11:34:00 IST" name="Suite" finished-at="2023-10-03T11:43:12 IST" duration-ms="552560">
    <groups>
    </groups>
    <test started-at="2023-10-03T11:34:00 IST" name="Test" finished-at="2023-10-03T11:43:12 IST" duration-ms="552560">
      <class name="com.spicejet.Test.BookingTest">
        <test-method signature="Booking()[pri:0, instance:com.spicejet.Test.BookingTest@279fedbd]" started-at="2023-10-03T11:36:07 IST" name="Booking" finished-at="2023-10-03T11:36:40 IST" duration-ms="32513" status="PASS">
          <reporter-output>
          </reporter-output>
        </test-method> <!-- Booking -->
        <test-method is-config="true" signature="closeAllBrowsers()[pri:0, instance:com.spicejet.Test.BookingTest@279fedbd]" started-at="2023-10-03T11:36:40 IST" name="closeAllBrowsers" finished-at="2023-10-03T11:36:40 IST" duration-ms="4" status="PASS">
          <reporter-output>
          </reporter-output>
        </test-method> <!-- closeAllBrowsers -->
      </class> <!-- com.spicejet.Test.BookingTest -->
      <class name="com.spicejet.Utils.Reports">
        <test-method is-config="true" signature="startReport()[pri:0, instance:com.spicejet.Utils.Reports@61322f9d]" started-at="2023-10-03T11:34:00 IST" name="startReport" finished-at="2023-10-03T11:34:00 IST" duration-ms="338" status="PASS">
          <reporter-output>
          </reporter-output>
        </test-method> <!-- startReport -->
        <test-method is-config="true" signature="endReport()[pri:0, instance:com.spicejet.Utils.Reports@61322f9d]" started-at="2023-10-03T11:43:13 IST" name="endReport" finished-at="2023-10-03T11:43:13 IST" duration-ms="376" status="PASS">
          <reporter-output>
          </reporter-output>
        </test-method> <!-- endReport -->
      </class> <!-- com.spicejet.Utils.Reports -->
      <class name="com.spicejet.Test.PaymentTest">
        <test-method signature="Payment()[pri:0, instance:com.spicejet.Test.PaymentTest@b3ca52e]" started-at="2023-10-03T11:36:40 IST" name="Payment" finished-at="2023-10-03T11:43:12 IST" duration-ms="392937" status="PASS">
          <reporter-output>
          </reporter-output>
        </test-method> <!-- Payment -->
        <test-method is-config="true" signature="closeAllBrowsers()[pri:0, instance:com.spicejet.Test.PaymentTest@b3ca52e]" started-at="2023-10-03T11:43:12 IST" name="closeAllBrowsers" finished-at="2023-10-03T11:43:12 IST" duration-ms="1" status="PASS">
          <reporter-output>
          </reporter-output>
        </test-method> <!-- closeAllBrowsers -->
      </class> <!-- com.spicejet.Test.PaymentTest -->
      <class name="com.spicejet.Test.FlightSearchTest">
        <test-method signature="FlightSearch()[pri:0, instance:com.spicejet.Test.FlightSearchTest@752325ad]" started-at="2023-10-03T11:34:45 IST" name="FlightSearch" finished-at="2023-10-03T11:36:07 IST" duration-ms="82084" status="PASS">
          <reporter-output>
          </reporter-output>
        </test-method> <!-- FlightSearch -->
        <test-method is-config="true" signature="closeAllBrowsers()[pri:0, instance:com.spicejet.Test.FlightSearchTest@752325ad]" started-at="2023-10-03T11:36:07 IST" name="closeAllBrowsers" finished-at="2023-10-03T11:36:07 IST" duration-ms="1" status="PASS">
          <reporter-output>
          </reporter-output>
        </test-method> <!-- closeAllBrowsers -->
      </class> <!-- com.spicejet.Test.FlightSearchTest -->
      <class name="com.spicejet.Test.LoginTest">
        <test-method signature="Login()[pri:0, instance:com.spicejet.Test.LoginTest@2a5c8d3f]" started-at="2023-10-03T11:34:38 IST" name="Login" finished-at="2023-10-03T11:34:45 IST" duration-ms="7334" status="PASS">
          <reporter-output>
          </reporter-output>
        </test-method> <!-- Login -->
        <test-method is-config="true" signature="closeAllBrowsers()[pri:0, instance:com.spicejet.Test.LoginTest@2a5c8d3f]" started-at="2023-10-03T11:34:45 IST" name="closeAllBrowsers" finished-at="2023-10-03T11:34:45 IST" duration-ms="1" status="PASS">
          <reporter-output>
          </reporter-output>
        </test-method> <!-- closeAllBrowsers -->
      </class> <!-- com.spicejet.Test.LoginTest -->
      <class name="com.spicejet.Test.LaunchBrowserTest">
        <test-method signature="launchBrowser()[pri:0, instance:com.spicejet.Test.LaunchBrowserTest@24aed80c]" started-at="2023-10-03T11:34:00 IST" name="launchBrowser" finished-at="2023-10-03T11:34:11 IST" duration-ms="11321" status="PASS">
          <reporter-output>
          </reporter-output>
        </test-method> <!-- launchBrowser -->
        <test-method is-config="true" signature="closeAllBrowsers()[pri:0, instance:com.spicejet.Test.LaunchBrowserTest@24aed80c]" started-at="2023-10-03T11:34:11 IST" name="closeAllBrowsers" finished-at="2023-10-03T11:34:11 IST" duration-ms="8" status="PASS">
          <reporter-output>
          </reporter-output>
        </test-method> <!-- closeAllBrowsers -->
      </class> <!-- com.spicejet.Test.LaunchBrowserTest -->
      <class name="com.spicejet.Test.SignInTest">
        <test-method signature="SiginIn()[pri:0, instance:com.spicejet.Test.SignInTest@3a52dba3]" started-at="2023-10-03T11:34:11 IST" name="SiginIn" finished-at="2023-10-03T11:34:38 IST" duration-ms="26295" status="PASS">
          <reporter-output>
          </reporter-output>
        </test-method> <!-- SiginIn -->
        <test-method is-config="true" signature="closeAllBrowsers()[pri:0, instance:com.spicejet.Test.SignInTest@3a52dba3]" started-at="2023-10-03T11:34:38 IST" name="closeAllBrowsers" finished-at="2023-10-03T11:34:38 IST" duration-ms="1" status="PASS">
          <reporter-output>
          </reporter-output>
        </test-method> <!-- closeAllBrowsers -->
      </class> <!-- com.spicejet.Test.SignInTest -->
    </test> <!-- Test -->
  </suite> <!-- Suite -->
</testng-results>
